2025-11-04T01:14:55.219Z INFO SharedStateManager initialized
2025-11-04T01:14:55.219Z INFO Is remote: false
2025-11-04T01:14:55.220Z INFO Starting Local. Installation path: c:\Users\Gjlang\Documents\Work
2025-11-04T01:14:55.220Z INFO [MainProvider] Creating new MainProvider instance...
2025-11-04T01:14:55.221Z INFO Installation path exists: c:\Users\Gjlang\Documents\Work
2025-11-04T01:14:55.222Z INFO Initializing database with URL: file:c:\Users\Gjlang\Documents\Work\pythagora-core\data\database\pythagora.db
2025-11-04T01:14:55.225Z INFO Database file exists, skipping prisma generate/push for faster startup
2025-11-04T01:14:55.225Z INFO Database initialized successfully
2025-11-04T01:14:55.226Z INFO [Migration] Checking for database migration...
2025-11-04T01:14:55.836Z INFO [Migration] No migration needed
2025-11-04T01:15:42.120Z INFO Closing entire Pythagora extension...
2025-11-04T01:15:42.130Z ERROR Error closing extension
Error: Canceled
Stack: Canceled: Canceled
    at new MR (file:///c:/Users/Gjlang/AppData/Local/Programs/Microsoft%20VS%20Code/resources/app/out/vs/workbench/api/node/extensionHostProcess.js:29:116391)
    at U4.U (file:///c:/Users/Gjlang/AppData/Local/Programs/Microsoft%20VS%20Code/resources/app/out/vs/workbench/api/node/extensionHostProcess.js:29:121001)
    at Proxy.s.<computed>.n.charCodeAt.s.<computed> (file:///c:/Users/Gjlang/AppData/Local/Programs/Microsoft%20VS%20Code/resources/app/out/vs/workbench/api/node/extensionHostProcess.js:29:118495)
    at iy.g (file:///c:/Users/Gjlang/AppData/Local/Programs/Microsoft%20VS%20Code/resources/app/out/vs/workbench/api/node/extensionHostProcess.js:114:41101)
    at iy.executeCommand (file:///c:/Users/Gjlang/AppData/Local/Programs/Microsoft%20VS%20Code/resources/app/out/vs/workbench/api/node/extensionHostProcess.js:114:40605)
    at Object.executeCommand (file:///c:/Users/Gjlang/AppData/Local/Programs/Microsoft%20VS%20Code/resources/app/out/vs/workbench/api/node/extensionHostProcess.js:201:105071)
    at closeEntirePythagoraExtension (c:\Users\Gjlang\.vscode\extensions\pythagoratechnologies.pythagora-vs-code-2.5.26\out\extension.js:538:31)
    at Object.deactivate (c:\Users\Gjlang\.vscode\extensions\pythagoratechnologies.pythagora-vs-code-2.5.26\out\extension.js:429:15)
    at SZ.eb (file:///c:/Users/Gjlang/AppData/Local/Programs/Microsoft%20VS%20Code/resources/app/out/vs/workbench/api/node/extensionHostProcess.js:118:11797)
    at file:///c:/Users/Gjlang/AppData/Local/Programs/Microsoft%20VS%20Code/resources/app/out/vs/workbench/api/node/extensionHostProcess.js:118:9947
    at Array.map (<anonymous>)
    at SZ.$ (file:///c:/Users/Gjlang/AppData/Local/Programs/Microsoft%20VS%20Code/resources/app/out/vs/workbench/api/node/extensionHostProcess.js:118:9935)
    at SZ.terminate (file:///c:/Users/Gjlang/AppData/Local/Programs/Microsoft%20VS%20Code/resources/app/out/vs/workbench/api/node/extensionHostProcess.js:118:10178)
    at H3.terminate (file:///c:/Users/Gjlang/AppData/Local/Programs/Microsoft%20VS%20Code/resources/app/out/vs/workbench/api/node/extensionHostProcess.js:120:914)
    at Ss (file:///c:/Users/Gjlang/AppData/Local/Programs/Microsoft%20VS%20Code/resources/app/out/vs/workbench/api/node/extensionHostProcess.js:393:10409)
    at MessagePortMain.<anonymous> (file:///c:/Users/Gjlang/AppData/Local/Programs/Microsoft%20VS%20Code/resources/app/out/vs/workbench/api/node/extensionHostProcess.js:393:6948)
    at MessagePortMain.emit (node:events:519:28)
    at Object.MessagePortMain._internalPort.emit (node:electron/js2c/utility_init:2:2949)
    at Object.callbackTrampoline (node:internal/async_hooks:130:17)
Extra context: {
  "message": "Canceled"
}
